Name                                            Stmts   Miss  Cover
-------------------------------------------------------------------
collection/__init__.py                              0      0   100%
collection/plugins/__init__.py                      0      0   100%
collection/plugins/action/__init__.py               0      0   100%
collection/plugins/action/enhomie/__init__.py       0      0   100%
collection/plugins/action/enhomie/params.py        24      0   100%
collection/plugins/action/enrobie/__init__.py       0      0   100%
collection/plugins/action/enrobie/params.py        24      0   100%
collection/tests/__init__.py                        0      0   100%
collection/tests/integration/__init__.py            2      0   100%
collection/tests/integration/test_default.py       17      0   100%
-------------------------------------------------------------------
TOTAL                                              67      0   100%
